Running experiment on ./checkpoints/padding_30_cifar10_clip_ViT-B/32_sgd_lr_40_decay_0_bsz_128_warmup_1000_trial_1/model_best.pth.tar
Namespace(print_freq=100, save_freq=50, batch_size=128, num_workers=3, epochs=20, square_size=8, optim='sgd', learning_rate=40, weight_decay=0, warmup=1000, momentum=0.9, patience=1000, model='clip', arch='ViT-B/32', method='padding', prompt_size=30, text_prompt_template='This is a photo of a {}', root='/scratch/lcur0649', dataset='cifar100', image_size=224, test_noise=False, visualize_prompt=False, seed=0, model_dir='./save/models', image_dir='./save/images', filename='padding_30_cifar100_clip_ViT-B/32_sgd_lr_40_decay_0_bsz_128_warmup_1000_trial_1', trial=1, resume=None, evaluate=True, gpu=None, use_wandb=False, device='cuda', model_folder='./save/models/padding_30_cifar100_clip_ViT-B/32_sgd_lr_40_decay_0_bsz_128_warmup_1000_trial_1')
Traceback (most recent call last):
  File "/home/lcur0649/uvadlc_practicals_2022/assignment2/part2/.//cross_dataset.py", line 280, in <module>
    main()
  File "/home/lcur0649/uvadlc_practicals_2022/assignment2/part2/.//cross_dataset.py", line 148, in main
    assert (
AssertionError: Set argument --resume to set the path to the best saved model checkpoint
Running experiment on ./checkpoints/padding_30_cifar100_clip_ViT-B/32_sgd_lr_40_decay_0_bsz_128_warmup_1000_trial_1/model_best.pth.tar
Namespace(print_freq=100, save_freq=50, batch_size=128, num_workers=3, epochs=20, square_size=8, optim='sgd', learning_rate=40, weight_decay=0, warmup=1000, momentum=0.9, patience=1000, model='clip', arch='ViT-B/32', method='padding', prompt_size=30, text_prompt_template='This is a photo of a {}', root='/scratch/lcur0649', dataset='cifar100', image_size=224, test_noise=False, visualize_prompt=False, seed=0, model_dir='./save/models', image_dir='./save/images', filename='padding_30_cifar100_clip_ViT-B/32_sgd_lr_40_decay_0_bsz_128_warmup_1000_trial_1', trial=1, resume=None, evaluate=True, gpu=None, use_wandb=False, device='cuda', model_folder='./save/models/padding_30_cifar100_clip_ViT-B/32_sgd_lr_40_decay_0_bsz_128_warmup_1000_trial_1')
Traceback (most recent call last):
  File "/home/lcur0649/uvadlc_practicals_2022/assignment2/part2/.//cross_dataset.py", line 280, in <module>
    main()
  File "/home/lcur0649/uvadlc_practicals_2022/assignment2/part2/.//cross_dataset.py", line 148, in main
    assert (
AssertionError: Set argument --resume to set the path to the best saved model checkpoint
Running experiment on ./checkpoints/padding_30_cifar10_clip_ViT-B/32_sgd_lr_40_decay_0_bsz_128_warmup_1000_trial_1/model_best.pth.tar
Namespace(print_freq=100, save_freq=50, batch_size=128, num_workers=3, epochs=20, square_size=8, optim='sgd', learning_rate=40, weight_decay=0, warmup=1000, momentum=0.9, patience=1000, model='clip', arch='ViT-B/32', method='padding', prompt_size=30, text_prompt_template='This is a photo of a {}', root='/scratch/lcur0649', dataset='cifar100', image_size=224, test_noise=False, visualize_prompt=False, seed=0, model_dir='./save/models', image_dir='./save/images', filename='padding_30_cifar100_clip_ViT-B/32_sgd_lr_40_decay_0_bsz_128_warmup_1000_trial_1', trial=1, resume=None, evaluate=True, gpu=None, use_wandb=False, device='cuda', model_folder='./save/models/padding_30_cifar100_clip_ViT-B/32_sgd_lr_40_decay_0_bsz_128_warmup_1000_trial_1')
Traceback (most recent call last):
  File "/home/lcur0649/uvadlc_practicals_2022/assignment2/part2/.//cross_dataset.py", line 280, in <module>
    main()
  File "/home/lcur0649/uvadlc_practicals_2022/assignment2/part2/.//cross_dataset.py", line 148, in main
    assert (
AssertionError: Set argument --resume to set the path to the best saved model checkpoint
Running experiment on ./checkpoints/padding_30_cifar10_clip_ViT-B/32_sgd_lr_40_decay_0_bsz_128_warmup_1000_trial_1/model_best.pth.tar
Namespace(print_freq=100, save_freq=50, batch_size=128, num_workers=3, epochs=20, square_size=8, optim='sgd', learning_rate=40, weight_decay=0, warmup=1000, momentum=0.9, patience=1000, model='clip', arch='ViT-B/32', method='padding', prompt_size=30, text_prompt_template='This is a photo of a {}', root='/scratch/lcur0649', dataset='cifar100', image_size=224, test_noise=False, visualize_prompt=False, seed=0, model_dir='./save/models', image_dir='./save/images', filename='padding_30_cifar100_clip_ViT-B/32_sgd_lr_40_decay_0_bsz_128_warmup_1000_trial_1', trial=1, resume=None, evaluate=True, gpu=None, use_wandb=False, device='cuda', model_folder='./save/models/padding_30_cifar100_clip_ViT-B/32_sgd_lr_40_decay_0_bsz_128_warmup_1000_trial_1')
Traceback (most recent call last):
  File "/home/lcur0649/uvadlc_practicals_2022/assignment2/part2/.//cross_dataset.py", line 280, in <module>
    main()
  File "/home/lcur0649/uvadlc_practicals_2022/assignment2/part2/.//cross_dataset.py", line 148, in main
    assert (
AssertionError: Set argument --resume to set the path to the best saved model checkpoint
Running experiment on ./checkpoints/fixed_patch_1_cifar10_clip_ViT-B/32_sgd_lr_40_decay_0_bsz_128_warmup_1000_trial_1/model_best.pth.tar
Namespace(print_freq=100, save_freq=50, batch_size=128, num_workers=3, epochs=20, square_size=8, optim='sgd', learning_rate=40, weight_decay=0, warmup=1000, momentum=0.9, patience=1000, model='clip', arch='ViT-B/32', method='padding', prompt_size=30, text_prompt_template='This is a photo of a {}', root='/scratch/lcur0649', dataset='cifar100', image_size=224, test_noise=False, visualize_prompt=False, seed=0, model_dir='./save/models', image_dir='./save/images', filename='padding_30_cifar100_clip_ViT-B/32_sgd_lr_40_decay_0_bsz_128_warmup_1000_trial_1', trial=1, resume=None, evaluate=True, gpu=None, use_wandb=False, device='cuda', model_folder='./save/models/padding_30_cifar100_clip_ViT-B/32_sgd_lr_40_decay_0_bsz_128_warmup_1000_trial_1')
Traceback (most recent call last):
  File "/home/lcur0649/uvadlc_practicals_2022/assignment2/part2/.//cross_dataset.py", line 280, in <module>
    main()
  File "/home/lcur0649/uvadlc_practicals_2022/assignment2/part2/.//cross_dataset.py", line 148, in main
    assert (
AssertionError: Set argument --resume to set the path to the best saved model checkpoint
Running experiment on ./checkpoints/fixed_patch_1_cifar100_clip_ViT-B/32_sgd_lr_40_decay_0_bsz_128_warmup_1000_trial_1/model_best.pth.tar
Namespace(print_freq=100, save_freq=50, batch_size=128, num_workers=3, epochs=20, square_size=8, optim='sgd', learning_rate=40, weight_decay=0, warmup=1000, momentum=0.9, patience=1000, model='clip', arch='ViT-B/32', method='padding', prompt_size=30, text_prompt_template='This is a photo of a {}', root='/scratch/lcur0649', dataset='cifar100', image_size=224, test_noise=False, visualize_prompt=False, seed=0, model_dir='./save/models', image_dir='./save/images', filename='padding_30_cifar100_clip_ViT-B/32_sgd_lr_40_decay_0_bsz_128_warmup_1000_trial_1', trial=1, resume=None, evaluate=True, gpu=None, use_wandb=False, device='cuda', model_folder='./save/models/padding_30_cifar100_clip_ViT-B/32_sgd_lr_40_decay_0_bsz_128_warmup_1000_trial_1')
Traceback (most recent call last):
  File "/home/lcur0649/uvadlc_practicals_2022/assignment2/part2/.//cross_dataset.py", line 280, in <module>
    main()
  File "/home/lcur0649/uvadlc_practicals_2022/assignment2/part2/.//cross_dataset.py", line 148, in main
    assert (
AssertionError: Set argument --resume to set the path to the best saved model checkpoint
Running experiment on ./checkpoints/random_patch_1_cifar10_clip_ViT-B/32_sgd_lr_40_decay_0_bsz_128_warmup_1000_trial_1/model_best.pth.tar
Namespace(print_freq=100, save_freq=50, batch_size=128, num_workers=3, epochs=20, square_size=8, optim='sgd', learning_rate=40, weight_decay=0, warmup=1000, momentum=0.9, patience=1000, model='clip', arch='ViT-B/32', method='padding', prompt_size=30, text_prompt_template='This is a photo of a {}', root='/scratch/lcur0649', dataset='cifar100', image_size=224, test_noise=False, visualize_prompt=False, seed=0, model_dir='./save/models', image_dir='./save/images', filename='padding_30_cifar100_clip_ViT-B/32_sgd_lr_40_decay_0_bsz_128_warmup_1000_trial_1', trial=1, resume=None, evaluate=True, gpu=None, use_wandb=False, device='cuda', model_folder='./save/models/padding_30_cifar100_clip_ViT-B/32_sgd_lr_40_decay_0_bsz_128_warmup_1000_trial_1')
Traceback (most recent call last):
  File "/home/lcur0649/uvadlc_practicals_2022/assignment2/part2/.//cross_dataset.py", line 280, in <module>
    main()
  File "/home/lcur0649/uvadlc_practicals_2022/assignment2/part2/.//cross_dataset.py", line 148, in main
    assert (
AssertionError: Set argument --resume to set the path to the best saved model checkpoint
Running experiment on ./checkpoints/random_patch_1_cifar100_clip_ViT-B/32_sgd_lr_40_decay_0_bsz_128_warmup_1000_trial_1/model_best.pth.tar
Namespace(print_freq=100, save_freq=50, batch_size=128, num_workers=3, epochs=20, square_size=8, optim='sgd', learning_rate=40, weight_decay=0, warmup=1000, momentum=0.9, patience=1000, model='clip', arch='ViT-B/32', method='padding', prompt_size=30, text_prompt_template='This is a photo of a {}', root='/scratch/lcur0649', dataset='cifar100', image_size=224, test_noise=False, visualize_prompt=False, seed=0, model_dir='./save/models', image_dir='./save/images', filename='padding_30_cifar100_clip_ViT-B/32_sgd_lr_40_decay_0_bsz_128_warmup_1000_trial_1', trial=1, resume=None, evaluate=True, gpu=None, use_wandb=False, device='cuda', model_folder='./save/models/padding_30_cifar100_clip_ViT-B/32_sgd_lr_40_decay_0_bsz_128_warmup_1000_trial_1')
Traceback (most recent call last):
  File "/home/lcur0649/uvadlc_practicals_2022/assignment2/part2/.//cross_dataset.py", line 280, in <module>
    main()
  File "/home/lcur0649/uvadlc_practicals_2022/assignment2/part2/.//cross_dataset.py", line 148, in main
    assert (
AssertionError: Set argument --resume to set the path to the best saved model checkpoint
