/home/lcur0649/.conda/envs/dl2022/lib/python3.10/site-packages/torch/utils/data/dataloader.py:554: UserWarning: This DataLoader will create 16 worker processes in total. Our suggested max number of worker in current system is 3, which is smaller than what this DataLoader is going to create. Please be aware that excessive worker creation might get DataLoader running slow or even freeze, lower the worker number to avoid potential slowness/freeze if necessary.
  warnings.warn(_create_warning_msg(
Namespace(print_freq=10, save_freq=50, batch_size=128, num_workers=16, epochs=1000, square_size=8, optim='sgd', learning_rate=40, weight_decay=0, warmup=1000, momentum=0.9, patience=1000, model='clip', arch='ViT-B/32', method='padding', prompt_size=30, text_prompt_template='This a photo of a {}', root='./data', dataset='cifar100', image_size=224, test_noise=False, visualize_prompt=False, seed=0, model_dir='./save/models', image_dir='./save/images', filename='padding_30_cifar100_clip_ViT-B/32_sgd_lr_40_decay_0_bsz_128_warmup_1000_trial_1', trial=1, resume='./checkpoints/padding_30_cifar10_clip_ViT-B/32_sgd_lr_40_decay_0_bsz_128_warmup_1000_trial_1/model_best.pth.tar', evaluate=True, gpu=None, use_wandb=False, device='cuda', model_folder='./save/models/padding_30_cifar100_clip_ViT-B/32_sgd_lr_40_decay_0_bsz_128_warmup_1000_trial_1')
Files already downloaded and verified
Files already downloaded and verified
Building custom CLIP
Loading CLIP (backbone: ViT-B/32)
List of prompts:
['This a photo of a apple',
 'This a photo of a aquarium fish',
 'This a photo of a baby',
 'This a photo of a bear',
 'This a photo of a beaver',
 'This a photo of a bed',
 'This a photo of a bee',
 'This a photo of a beetle',
 'This a photo of a bicycle',
 'This a photo of a bottle',
 'This a photo of a bowl',
 'This a photo of a boy',
 'This a photo of a bridge',
 'This a photo of a bus',
 'This a photo of a butterfly',
 'This a photo of a camel',
 'This a photo of a can',
 'This a photo of a castle',
 'This a photo of a caterpillar',
 'This a photo of a cattle',
 'This a photo of a chair',
 'This a photo of a chimpanzee',
 'This a photo of a clock',
 'This a photo of a cloud',
 'This a photo of a cockroach',
 'This a photo of a couch',
 'This a photo of a crab',
 'This a photo of a crocodile',
 'This a photo of a cup',
 'This a photo of a dinosaur',
 'This a photo of a dolphin',
 'This a photo of a elephant',
 'This a photo of a flatfish',
 'This a photo of a forest',
 'This a photo of a fox',
 'This a photo of a girl',
 'This a photo of a hamster',
 'This a photo of a house',
 'This a photo of a kangaroo',
 'This a photo of a keyboard',
 'This a photo of a lamp',
 'This a photo of a lawn mower',
 'This a photo of a leopard',
 'This a photo of a lion',
 'This a photo of a lizard',
 'This a photo of a lobster',
 'This a photo of a man',
 'This a photo of a maple tree',
 'This a photo of a motorcycle',
 'This a photo of a mountain',
 'This a photo of a mouse',
 'This a photo of a mushroom',
 'This a photo of a oak tree',
 'This a photo of a orange',
 'This a photo of a orchid',
 'This a photo of a otter',
 'This a photo of a palm tree',
 'This a photo of a pear',
 'This a photo of a pickup truck',
 'This a photo of a pine tree',
 'This a photo of a plain',
 'This a photo of a plate',
 'This a photo of a poppy',
 'This a photo of a porcupine',
 'This a photo of a possum',
 'This a photo of a rabbit',
 'This a photo of a raccoon',
 'This a photo of a ray',
 'This a photo of a road',
 'This a photo of a rocket',
 'This a photo of a rose',
 'This a photo of a sea',
 'This a photo of a seal',
 'This a photo of a shark',
 'This a photo of a shrew',
 'This a photo of a skunk',
 'This a photo of a skyscraper',
 'This a photo of a snail',
 'This a photo of a snake',
 'This a photo of a spider',
 'This a photo of a squirrel',
 'This a photo of a streetcar',
 'This a photo of a sunflower',
 'This a photo of a sweet pepper',
 'This a photo of a table',
 'This a photo of a tank',
 'This a photo of a telephone',
 'This a photo of a television',
 'This a photo of a tiger',
 'This a photo of a tractor',
 'This a photo of a train',
 'This a photo of a trout',
 'This a photo of a tulip',
 'This a photo of a turtle',
 'This a photo of a wardrobe',
 'This a photo of a whale',
 'This a photo of a willow tree',
 'This a photo of a wolf',
 'This a photo of a woman',
 'This a photo of a worm']
=> loading checkpoint './checkpoints/padding_30_cifar10_clip_ViT-B/32_sgd_lr_40_decay_0_bsz_128_warmup_1000_trial_1/model_best.pth.tar'
=> loaded checkpoint './checkpoints/padding_30_cifar10_clip_ViT-B/32_sgd_lr_40_decay_0_bsz_128_warmup_1000_trial_1/model_best.pth.tar' (epoch 1)
Turning off gradients in both the image and the text encoder
Parameters to be updated:
("Parameters to be updated: {'prompt_learner.pad_down', "
 "'prompt_learner.pad_right', 'prompt_learner.pad_left', "
 "'prompt_learner.pad_up'}")
Number of prompt parameters:  69840
Files already downloaded and verified
Files already downloaded and verified
Files already downloaded and verified
Files already downloaded and verified
Loading CLIP (backbone: ViT-B/32)
List of prompts:
['This a photo of a airplane',
 'This a photo of a automobile',
 'This a photo of a bird',
 'This a photo of a cat',
 'This a photo of a deer',
 'This a photo of a dog',
 'This a photo of a frog',
 'This a photo of a horse',
 'This a photo of a ship',
 'This a photo of a truck',
 'This a photo of a apple',
 'This a photo of a aquarium fish',
 'This a photo of a baby',
 'This a photo of a bear',
 'This a photo of a beaver',
 'This a photo of a bed',
 'This a photo of a bee',
 'This a photo of a beetle',
 'This a photo of a bicycle',
 'This a photo of a bottle',
 'This a photo of a bowl',
 'This a photo of a boy',
 'This a photo of a bridge',
 'This a photo of a bus',
 'This a photo of a butterfly',
 'This a photo of a camel',
 'This a photo of a can',
 'This a photo of a castle',
 'This a photo of a caterpillar',
 'This a photo of a cattle',
 'This a photo of a chair',
 'This a photo of a chimpanzee',
 'This a photo of a clock',
 'This a photo of a cloud',
 'This a photo of a cockroach',
 'This a photo of a couch',
 'This a photo of a crab',
 'This a photo of a crocodile',
 'This a photo of a cup',
 'This a photo of a dinosaur',
 'This a photo of a dolphin',
 'This a photo of a elephant',
 'This a photo of a flatfish',
 'This a photo of a forest',
 'This a photo of a fox',
 'This a photo of a girl',
 'This a photo of a hamster',
 'This a photo of a house',
 'This a photo of a kangaroo',
 'This a photo of a keyboard',
 'This a photo of a lamp',
 'This a photo of a lawn mower',
 'This a photo of a leopard',
 'This a photo of a lion',
 'This a photo of a lizard',
 'This a photo of a lobster',
 'This a photo of a man',
 'This a photo of a maple tree',
 'This a photo of a motorcycle',
 'This a photo of a mountain',
 'This a photo of a mouse',
 'This a photo of a mushroom',
 'This a photo of a oak tree',
 'This a photo of a orange',
 'This a photo of a orchid',
 'This a photo of a otter',
 'This a photo of a palm tree',
 'This a photo of a pear',
 'This a photo of a pickup truck',
 'This a photo of a pine tree',
 'This a photo of a plain',
 'This a photo of a plate',
 'This a photo of a poppy',
 'This a photo of a porcupine',
 'This a photo of a possum',
 'This a photo of a rabbit',
 'This a photo of a raccoon',
 'This a photo of a ray',
 'This a photo of a road',
 'This a photo of a rocket',
 'This a photo of a rose',
 'This a photo of a sea',
 'This a photo of a seal',
 'This a photo of a shark',
 'This a photo of a shrew',
 'This a photo of a skunk',
 'This a photo of a skyscraper',
 'This a photo of a snail',
 'This a photo of a snake',
 'This a photo of a spider',
 'This a photo of a squirrel',
 'This a photo of a streetcar',
 'This a photo of a sunflower',
 'This a photo of a sweet pepper',
 'This a photo of a table',
 'This a photo of a tank',
 'This a photo of a telephone',
 'This a photo of a television',
 'This a photo of a tiger',
 'This a photo of a tractor',
 'This a photo of a train',
 'This a photo of a trout',
 'This a photo of a tulip',
 'This a photo of a turtle',
 'This a photo of a wardrobe',
 'This a photo of a whale',
 'This a photo of a willow tree',
 'This a photo of a wolf',
 'This a photo of a woman',
 'This a photo of a worm']
Validate: [ 0/79]	Time  6.272 ( 6.272)	Loss 1.2402e+00 (1.2402e+00)	Prompt Acc@1  71.88 ( 71.88)
Validate: [10/79]	Time  0.216 ( 0.767)	Loss 9.6338e-01 (1.0920e+00)	Prompt Acc@1  78.91 ( 73.15)
Validate: [20/79]	Time  0.216 ( 0.505)	Loss 1.0420e+00 (1.1194e+00)	Prompt Acc@1  75.00 ( 72.43)
Validate: [30/79]	Time  0.215 ( 0.411)	Loss 1.0605e+00 (1.1177e+00)	Prompt Acc@1  78.12 ( 72.78)
Validate: [40/79]	Time  0.216 ( 0.364)	Loss 1.4541e+00 (1.1085e+00)	Prompt Acc@1  64.06 ( 73.00)
Validate: [50/79]	Time  0.217 ( 0.335)	Loss 1.3135e+00 (1.1277e+00)	Prompt Acc@1  63.28 ( 72.24)
Validate: [60/79]	Time  0.214 ( 0.315)	Loss 1.0566e+00 (1.1220e+00)	Prompt Acc@1  72.66 ( 72.43)
Validate: [70/79]	Time  0.216 ( 0.301)	Loss 1.2100e+00 (1.1251e+00)	Prompt Acc@1  68.75 ( 72.46)
 * Prompt Acc@1 72.540
Validate: [ 0/79]	Time  4.355 ( 4.355)	Loss 1.3301e+00 (1.3301e+00)	Prompt Acc@1  64.84 ( 64.84)
Validate: [10/79]	Time  0.232 ( 0.711)	Loss 1.9482e+00 (1.7861e+00)	Prompt Acc@1  46.88 ( 54.97)
Validate: [20/79]	Time  0.223 ( 0.476)	Loss 2.0156e+00 (1.7687e+00)	Prompt Acc@1  49.22 ( 55.06)
Validate: [30/79]	Time  0.214 ( 0.392)	Loss 1.9912e+00 (1.8023e+00)	Prompt Acc@1  49.22 ( 54.16)
Validate: [40/79]	Time  0.216 ( 0.349)	Loss 1.8008e+00 (1.8111e+00)	Prompt Acc@1  54.69 ( 53.83)
Validate: [50/79]	Time  0.219 ( 0.324)	Loss 2.0410e+00 (1.8181e+00)	Prompt Acc@1  45.31 ( 53.52)
Validate: [60/79]	Time  0.218 ( 0.306)	Loss 2.1230e+00 (1.8231e+00)	Prompt Acc@1  50.00 ( 53.51)
Validate: [70/79]	Time  0.217 ( 0.294)	Loss 1.8994e+00 (1.8204e+00)	Prompt Acc@1  55.47 ( 53.55)
 * Prompt Acc@1 53.830
Finished
TOP1 Accuracy on cifra10 + cifar100 is: 63.185
