Running experiment on ./checkpoints/padding_30_cifar10_clip_ViT-B/32_sgd_lr_40_decay_0_bsz_128_warmup_1000_trial_1/model_best.pth.tar
usage: Visual Prompting for CLIP [-h] [--print_freq PRINT_FREQ]
                                 [--save_freq SAVE_FREQ]
                                 [--batch_size BATCH_SIZE]
                                 [--num_workers NUM_WORKERS] [--epochs EPOCHS]
                                 [--square_size SQUARE_SIZE] [--optim OPTIM]
                                 [--learning_rate LEARNING_RATE]
                                 [--weight_decay WEIGHT_DECAY]
                                 [--warmup WARMUP] [--momentum MOMENTUM]
                                 [--patience PATIENCE] [--model MODEL]
                                 [--arch ARCH]
                                 [--method {padding,random_patch,fixed_patch}]
                                 [--prompt_size PROMPT_SIZE]
                                 [--text_prompt_template TEXT_PROMPT_TEMPLATE]
                                 [--root ROOT] [--dataset DATASET]
                                 [--image_size IMAGE_SIZE] [--test_noise]
                                 [--visualize_prompt] [--seed SEED]
                                 [--model_dir MODEL_DIR]
                                 [--image_dir IMAGE_DIR] [--filename FILENAME]
                                 [--trial TRIAL] [--resume RESUME]
                                 [--evaluate] [--gpu GPU] [--use_wandb]
Visual Prompting for CLIP: error: argument --method: expected one argument
Running experiment on ./checkpoints/padding_30_cifar100_clip_ViT-B/32_sgd_lr_40_decay_0_bsz_128_warmup_1000_trial_1/model_best.pth.tar
usage: Visual Prompting for CLIP [-h] [--print_freq PRINT_FREQ]
                                 [--save_freq SAVE_FREQ]
                                 [--batch_size BATCH_SIZE]
                                 [--num_workers NUM_WORKERS] [--epochs EPOCHS]
                                 [--square_size SQUARE_SIZE] [--optim OPTIM]
                                 [--learning_rate LEARNING_RATE]
                                 [--weight_decay WEIGHT_DECAY]
                                 [--warmup WARMUP] [--momentum MOMENTUM]
                                 [--patience PATIENCE] [--model MODEL]
                                 [--arch ARCH]
                                 [--method {padding,random_patch,fixed_patch}]
                                 [--prompt_size PROMPT_SIZE]
                                 [--text_prompt_template TEXT_PROMPT_TEMPLATE]
                                 [--root ROOT] [--dataset DATASET]
                                 [--image_size IMAGE_SIZE] [--test_noise]
                                 [--visualize_prompt] [--seed SEED]
                                 [--model_dir MODEL_DIR]
                                 [--image_dir IMAGE_DIR] [--filename FILENAME]
                                 [--trial TRIAL] [--resume RESUME]
                                 [--evaluate] [--gpu GPU] [--use_wandb]
Visual Prompting for CLIP: error: argument --method: expected one argument
Running experiment on ./checkpoints/padding_30_cifar10_clip_ViT-B/32_sgd_lr_40_decay_0_bsz_128_warmup_1000_trial_1/model_best.pth.tar
usage: Visual Prompting for CLIP [-h] [--print_freq PRINT_FREQ]
                                 [--save_freq SAVE_FREQ]
                                 [--batch_size BATCH_SIZE]
                                 [--num_workers NUM_WORKERS] [--epochs EPOCHS]
                                 [--square_size SQUARE_SIZE] [--optim OPTIM]
                                 [--learning_rate LEARNING_RATE]
                                 [--weight_decay WEIGHT_DECAY]
                                 [--warmup WARMUP] [--momentum MOMENTUM]
                                 [--patience PATIENCE] [--model MODEL]
                                 [--arch ARCH]
                                 [--method {padding,random_patch,fixed_patch}]
                                 [--prompt_size PROMPT_SIZE]
                                 [--text_prompt_template TEXT_PROMPT_TEMPLATE]
                                 [--root ROOT] [--dataset DATASET]
                                 [--image_size IMAGE_SIZE] [--test_noise]
                                 [--visualize_prompt] [--seed SEED]
                                 [--model_dir MODEL_DIR]
                                 [--image_dir IMAGE_DIR] [--filename FILENAME]
                                 [--trial TRIAL] [--resume RESUME]
                                 [--evaluate] [--gpu GPU] [--use_wandb]
Visual Prompting for CLIP: error: argument --method: expected one argument
Running experiment on ./checkpoints/padding_30_cifar10_clip_ViT-B/32_sgd_lr_40_decay_0_bsz_128_warmup_1000_trial_1/model_best.pth.tar
usage: Visual Prompting for CLIP [-h] [--print_freq PRINT_FREQ]
                                 [--save_freq SAVE_FREQ]
                                 [--batch_size BATCH_SIZE]
                                 [--num_workers NUM_WORKERS] [--epochs EPOCHS]
                                 [--square_size SQUARE_SIZE] [--optim OPTIM]
                                 [--learning_rate LEARNING_RATE]
                                 [--weight_decay WEIGHT_DECAY]
                                 [--warmup WARMUP] [--momentum MOMENTUM]
                                 [--patience PATIENCE] [--model MODEL]
                                 [--arch ARCH]
                                 [--method {padding,random_patch,fixed_patch}]
                                 [--prompt_size PROMPT_SIZE]
                                 [--text_prompt_template TEXT_PROMPT_TEMPLATE]
                                 [--root ROOT] [--dataset DATASET]
                                 [--image_size IMAGE_SIZE] [--test_noise]
                                 [--visualize_prompt] [--seed SEED]
                                 [--model_dir MODEL_DIR]
                                 [--image_dir IMAGE_DIR] [--filename FILENAME]
                                 [--trial TRIAL] [--resume RESUME]
                                 [--evaluate] [--gpu GPU] [--use_wandb]
Visual Prompting for CLIP: error: argument --method: expected one argument
Running experiment on ./checkpoints/fixed_patch_1_cifar10_clip_ViT-B/32_sgd_lr_40_decay_0_bsz_128_warmup_1000_trial_1/model_best.pth.tar
usage: Visual Prompting for CLIP [-h] [--print_freq PRINT_FREQ]
                                 [--save_freq SAVE_FREQ]
                                 [--batch_size BATCH_SIZE]
                                 [--num_workers NUM_WORKERS] [--epochs EPOCHS]
                                 [--square_size SQUARE_SIZE] [--optim OPTIM]
                                 [--learning_rate LEARNING_RATE]
                                 [--weight_decay WEIGHT_DECAY]
                                 [--warmup WARMUP] [--momentum MOMENTUM]
                                 [--patience PATIENCE] [--model MODEL]
                                 [--arch ARCH]
                                 [--method {padding,random_patch,fixed_patch}]
                                 [--prompt_size PROMPT_SIZE]
                                 [--text_prompt_template TEXT_PROMPT_TEMPLATE]
                                 [--root ROOT] [--dataset DATASET]
                                 [--image_size IMAGE_SIZE] [--test_noise]
                                 [--visualize_prompt] [--seed SEED]
                                 [--model_dir MODEL_DIR]
                                 [--image_dir IMAGE_DIR] [--filename FILENAME]
                                 [--trial TRIAL] [--resume RESUME]
                                 [--evaluate] [--gpu GPU] [--use_wandb]
Visual Prompting for CLIP: error: argument --method: expected one argument
Running experiment on ./checkpoints/fixed_patch_1_cifar100_clip_ViT-B/32_sgd_lr_40_decay_0_bsz_128_warmup_1000_trial_1/model_best.pth.tar
usage: Visual Prompting for CLIP [-h] [--print_freq PRINT_FREQ]
                                 [--save_freq SAVE_FREQ]
                                 [--batch_size BATCH_SIZE]
                                 [--num_workers NUM_WORKERS] [--epochs EPOCHS]
                                 [--square_size SQUARE_SIZE] [--optim OPTIM]
                                 [--learning_rate LEARNING_RATE]
                                 [--weight_decay WEIGHT_DECAY]
                                 [--warmup WARMUP] [--momentum MOMENTUM]
                                 [--patience PATIENCE] [--model MODEL]
                                 [--arch ARCH]
                                 [--method {padding,random_patch,fixed_patch}]
                                 [--prompt_size PROMPT_SIZE]
                                 [--text_prompt_template TEXT_PROMPT_TEMPLATE]
                                 [--root ROOT] [--dataset DATASET]
                                 [--image_size IMAGE_SIZE] [--test_noise]
                                 [--visualize_prompt] [--seed SEED]
                                 [--model_dir MODEL_DIR]
                                 [--image_dir IMAGE_DIR] [--filename FILENAME]
                                 [--trial TRIAL] [--resume RESUME]
                                 [--evaluate] [--gpu GPU] [--use_wandb]
Visual Prompting for CLIP: error: argument --method: expected one argument
Running experiment on ./checkpoints/random_patch_1_cifar10_clip_ViT-B/32_sgd_lr_40_decay_0_bsz_128_warmup_1000_trial_1/model_best.pth.tar
usage: Visual Prompting for CLIP [-h] [--print_freq PRINT_FREQ]
                                 [--save_freq SAVE_FREQ]
                                 [--batch_size BATCH_SIZE]
                                 [--num_workers NUM_WORKERS] [--epochs EPOCHS]
                                 [--square_size SQUARE_SIZE] [--optim OPTIM]
                                 [--learning_rate LEARNING_RATE]
                                 [--weight_decay WEIGHT_DECAY]
                                 [--warmup WARMUP] [--momentum MOMENTUM]
                                 [--patience PATIENCE] [--model MODEL]
                                 [--arch ARCH]
                                 [--method {padding,random_patch,fixed_patch}]
                                 [--prompt_size PROMPT_SIZE]
                                 [--text_prompt_template TEXT_PROMPT_TEMPLATE]
                                 [--root ROOT] [--dataset DATASET]
                                 [--image_size IMAGE_SIZE] [--test_noise]
                                 [--visualize_prompt] [--seed SEED]
                                 [--model_dir MODEL_DIR]
                                 [--image_dir IMAGE_DIR] [--filename FILENAME]
                                 [--trial TRIAL] [--resume RESUME]
                                 [--evaluate] [--gpu GPU] [--use_wandb]
Visual Prompting for CLIP: error: argument --method: expected one argument
Running experiment on ./checkpoints/random_patch_1_cifar100_clip_ViT-B/32_sgd_lr_40_decay_0_bsz_128_warmup_1000_trial_1/model_best.pth.tar
usage: Visual Prompting for CLIP [-h] [--print_freq PRINT_FREQ]
                                 [--save_freq SAVE_FREQ]
                                 [--batch_size BATCH_SIZE]
                                 [--num_workers NUM_WORKERS] [--epochs EPOCHS]
                                 [--square_size SQUARE_SIZE] [--optim OPTIM]
                                 [--learning_rate LEARNING_RATE]
                                 [--weight_decay WEIGHT_DECAY]
                                 [--warmup WARMUP] [--momentum MOMENTUM]
                                 [--patience PATIENCE] [--model MODEL]
                                 [--arch ARCH]
                                 [--method {padding,random_patch,fixed_patch}]
                                 [--prompt_size PROMPT_SIZE]
                                 [--text_prompt_template TEXT_PROMPT_TEMPLATE]
                                 [--root ROOT] [--dataset DATASET]
                                 [--image_size IMAGE_SIZE] [--test_noise]
                                 [--visualize_prompt] [--seed SEED]
                                 [--model_dir MODEL_DIR]
                                 [--image_dir IMAGE_DIR] [--filename FILENAME]
                                 [--trial TRIAL] [--resume RESUME]
                                 [--evaluate] [--gpu GPU] [--use_wandb]
Visual Prompting for CLIP: error: argument --method: expected one argument
