Global seed set to 42
Downloading http://yann.lecun.com/exdb/mnist/train-images-idx3-ubyte.gz
Downloading http://yann.lecun.com/exdb/mnist/train-images-idx3-ubyte.gz to /scratch/MNIST/raw/train-images-idx3-ubyte.gz
  0%|          | 0/9912422 [00:00<?, ?it/s]100%|██████████| 9912422/9912422 [00:00<00:00, 136534052.45it/s]
Extracting /scratch/MNIST/raw/train-images-idx3-ubyte.gz to /scratch/MNIST/raw

Downloading http://yann.lecun.com/exdb/mnist/train-labels-idx1-ubyte.gz
Downloading http://yann.lecun.com/exdb/mnist/train-labels-idx1-ubyte.gz to /scratch/MNIST/raw/train-labels-idx1-ubyte.gz
  0%|          | 0/28881 [00:00<?, ?it/s]100%|██████████| 28881/28881 [00:00<00:00, 98484303.92it/s]
Extracting /scratch/MNIST/raw/train-labels-idx1-ubyte.gz to /scratch/MNIST/raw

Downloading http://yann.lecun.com/exdb/mnist/t10k-images-idx3-ubyte.gz
Downloading http://yann.lecun.com/exdb/mnist/t10k-images-idx3-ubyte.gz to /scratch/MNIST/raw/t10k-images-idx3-ubyte.gz
  0%|          | 0/1648877 [00:00<?, ?it/s]100%|██████████| 1648877/1648877 [00:00<00:00, 120303571.18it/s]
Extracting /scratch/MNIST/raw/t10k-images-idx3-ubyte.gz to /scratch/MNIST/raw

Downloading http://yann.lecun.com/exdb/mnist/t10k-labels-idx1-ubyte.gz
Downloading http://yann.lecun.com/exdb/mnist/t10k-labels-idx1-ubyte.gz to /scratch/MNIST/raw/t10k-labels-idx1-ubyte.gz
  0%|          | 0/4542 [00:00<?, ?it/s]100%|██████████| 4542/4542 [00:00<00:00, 20053188.18it/s]
Extracting /scratch/MNIST/raw/t10k-labels-idx1-ubyte.gz to /scratch/MNIST/raw

/home/lcur0649/.conda/envs/dl2022/lib/python3.10/site-packages/torch/utils/data/dataloader.py:554: UserWarning: This DataLoader will create 4 worker processes in total. Our suggested max number of worker in current system is 3, which is smaller than what this DataLoader is going to create. Please be aware that excessive worker creation might get DataLoader running slow or even freeze, lower the worker number to avoid potential slowness/freeze if necessary.
  warnings.warn(_create_warning_msg(
Using device cuda:0
====> Epoch 0 : Average loss: 0.3525
====> Epoch 1 : Average loss: 0.2270
====> Epoch 2 : Average loss: 0.2159
====> Epoch 3 : Average loss: 0.2106
====> Epoch 4 : Average loss: 0.2116
====> Epoch 5 : Average loss: 0.2123
====> Epoch 6 : Average loss: 0.2134
====> Epoch 7 : Average loss: 0.2119
====> Epoch 8 : Average loss: 0.2107
====> Epoch 9 : Average loss: 0.2125
====> Epoch 10 : Average loss: 0.2145
====> Epoch 11 : Average loss: 0.2152
====> Epoch 12 : Average loss: 0.2145
====> Epoch 13 : Average loss: 0.2172
====> Epoch 14 : Average loss: 0.2185
====> Epoch 15 : Average loss: 0.2215
====> Epoch 16 : Average loss: 0.2242
====> Epoch 17 : Average loss: 0.2266
====> Epoch 18 : Average loss: 0.2309
====> Epoch 19 : Average loss: 0.2327
====> Epoch 20 : Average loss: 0.2347
====> Epoch 21 : Average loss: 0.2379
====> Epoch 22 : Average loss: 0.2393
====> Epoch 23 : Average loss: 0.2435
====> Epoch 24 : Average loss: 0.2442
====> Epoch 25 : Average loss: 0.2484
====> Epoch 26 : Average loss: 0.2517
====> Epoch 27 : Average loss: 0.2539
====> Epoch 28 : Average loss: 0.2593
====> Epoch 29 : Average loss: 0.2604
====> Epoch 30 : Average loss: 0.2639
====> Epoch 31 : Average loss: 0.2647
====> Epoch 32 : Average loss: 0.2678
====> Epoch 33 : Average loss: 0.2705
====> Epoch 34 : Average loss: 0.2706
====> Epoch 35 : Average loss: 0.2759
====> Epoch 36 : Average loss: 0.2762
====> Epoch 37 : Average loss: 0.2839
====> Epoch 38 : Average loss: 0.2831
====> Epoch 39 : Average loss: 0.2871
====> Epoch 40 : Average loss: 0.2919
====> Epoch 41 : Average loss: 0.2943
====> Epoch 42 : Average loss: 0.2947
====> Epoch 43 : Average loss: 0.2990
====> Epoch 44 : Average loss: 0.2970
====> Epoch 45 : Average loss: 0.3016
====> Epoch 46 : Average loss: 0.3047
====> Epoch 47 : Average loss: 0.3094
====> Epoch 48 : Average loss: 0.3078
====> Epoch 49 : Average loss: 0.3158
====> Epoch 50 : Average loss: 0.3201
====> Epoch 51 : Average loss: 0.3188
====> Epoch 52 : Average loss: 0.3207
====> Epoch 53 : Average loss: 0.3239
====> Epoch 54 : Average loss: 0.3312
====> Epoch 55 : Average loss: 0.3220
====> Epoch 56 : Average loss: 0.3264
====> Epoch 57 : Average loss: 0.3273
====> Epoch 58 : Average loss: 0.3273
====> Epoch 59 : Average loss: 0.3343
====> Epoch 60 : Average loss: 0.3321
====> Epoch 61 : Average loss: 0.3401
====> Epoch 62 : Average loss: 0.3482
====> Epoch 63 : Average loss: 0.3503
====> Epoch 64 : Average loss: 0.3536
====> Epoch 65 : Average loss: 0.3452
====> Epoch 66 : Average loss: 0.3472
====> Epoch 67 : Average loss: 0.3427
====> Epoch 68 : Average loss: 0.3444
====> Epoch 69 : Average loss: 0.3485
====> Epoch 70 : Average loss: 0.3510
====> Epoch 71 : Average loss: 0.3528
====> Epoch 72 : Average loss: 0.3558
====> Epoch 73 : Average loss: 0.3549
====> Epoch 74 : Average loss: 0.3706
====> Epoch 75 : Average loss: 0.3581
====> Epoch 76 : Average loss: 0.3624
====> Epoch 77 : Average loss: 0.3704
====> Epoch 78 : Average loss: 0.3718
====> Epoch 79 : Average loss: 0.3695
====> Epoch 80 : Average loss: 0.3733
====> Epoch 81 : Average loss: 0.3652
====> Epoch 82 : Average loss: 0.3752
====> Epoch 83 : Average loss: 0.3782
====> Epoch 84 : Average loss: 0.3919
====> Epoch 85 : Average loss: 0.3921
====> Epoch 86 : Average loss: 0.3850
====> Epoch 87 : Average loss: 0.3940
====> Epoch 88 : Average loss: 0.3883
====> Epoch 89 : Average loss: 0.3922
====> Epoch 90 : Average loss: 0.3863
====> Epoch 91 : Average loss: 0.3890
====> Epoch 92 : Average loss: 0.3937
====> Epoch 93 : Average loss: 0.3978
====> Epoch 94 : Average loss: 0.3956
====> Epoch 95 : Average loss: 0.3963
====> Epoch 96 : Average loss: 0.3974
====> Epoch 97 : Average loss: 0.4049
====> Epoch 98 : Average loss: 0.4017
====> Epoch 99 : Average loss: 0.4028
Global seed set to 42
/home/lcur0649/.conda/envs/dl2022/lib/python3.10/site-packages/torch/utils/data/dataloader.py:554: UserWarning: This DataLoader will create 4 worker processes in total. Our suggested max number of worker in current system is 3, which is smaller than what this DataLoader is going to create. Please be aware that excessive worker creation might get DataLoader running slow or even freeze, lower the worker number to avoid potential slowness/freeze if necessary.
  warnings.warn(_create_warning_msg(
Using device cuda:0
====> Epoch 0 : Average loss: 1.1425
====> Epoch 1 : Average loss: 1.4986
====> Epoch 2 : Average loss: 1.5259
====> Epoch 3 : Average loss: 1.5093
====> Epoch 4 : Average loss: 1.4979
====> Epoch 5 : Average loss: 1.4943
====> Epoch 6 : Average loss: 1.4950
====> Epoch 7 : Average loss: 1.4958
====> Epoch 8 : Average loss: 1.4958
====> Epoch 9 : Average loss: 1.4969
====> Epoch 10 : Average loss: 1.4982
====> Epoch 11 : Average loss: 1.4964
====> Epoch 12 : Average loss: 1.4953
====> Epoch 13 : Average loss: 1.4950
====> Epoch 14 : Average loss: 1.4939
====> Epoch 15 : Average loss: 1.4926
====> Epoch 16 : Average loss: 1.4913
====> Epoch 17 : Average loss: 1.4914
====> Epoch 18 : Average loss: 1.4899
====> Epoch 19 : Average loss: 1.4859
====> Epoch 20 : Average loss: 1.4847
====> Epoch 21 : Average loss: 1.4856
====> Epoch 22 : Average loss: 1.4824
====> Epoch 23 : Average loss: 1.4813
====> Epoch 24 : Average loss: 1.4802
====> Epoch 25 : Average loss: 1.4800
====> Epoch 26 : Average loss: 1.4765
====> Epoch 27 : Average loss: 1.4758
====> Epoch 28 : Average loss: 1.4747
====> Epoch 29 : Average loss: 1.4731
====> Epoch 30 : Average loss: 1.4721
====> Epoch 31 : Average loss: 1.4712
====> Epoch 32 : Average loss: 1.4694
====> Epoch 33 : Average loss: 1.4696
====> Epoch 34 : Average loss: 1.4653
====> Epoch 35 : Average loss: 1.4656
====> Epoch 36 : Average loss: 1.4649
====> Epoch 37 : Average loss: 1.4634
====> Epoch 38 : Average loss: 1.4645
====> Epoch 39 : Average loss: 1.4634
====> Epoch 40 : Average loss: 1.4607
====> Epoch 41 : Average loss: 1.4593
====> Epoch 42 : Average loss: 1.4597
====> Epoch 43 : Average loss: 1.4591
====> Epoch 44 : Average loss: 1.4591
====> Epoch 45 : Average loss: 1.4588
====> Epoch 46 : Average loss: 1.4578
====> Epoch 47 : Average loss: 1.4546
====> Epoch 48 : Average loss: 1.4549
====> Epoch 49 : Average loss: 1.4546
====> Epoch 50 : Average loss: 1.4542
====> Epoch 51 : Average loss: 1.4521
====> Epoch 52 : Average loss: 1.4519
====> Epoch 53 : Average loss: 1.4507
====> Epoch 54 : Average loss: 1.4514
====> Epoch 55 : Average loss: 1.4486
====> Epoch 56 : Average loss: 1.4505
====> Epoch 57 : Average loss: 1.4486
====> Epoch 58 : Average loss: 1.4504
====> Epoch 59 : Average loss: 1.4495
====> Epoch 60 : Average loss: 1.4472
====> Epoch 61 : Average loss: 1.4487
====> Epoch 62 : Average loss: 1.4481
====> Epoch 63 : Average loss: 1.4466
====> Epoch 64 : Average loss: 1.4483
====> Epoch 65 : Average loss: 1.4476
====> Epoch 66 : Average loss: 1.4477
====> Epoch 67 : Average loss: 1.4439
====> Epoch 68 : Average loss: 1.4462
====> Epoch 69 : Average loss: 1.4473
====> Epoch 70 : Average loss: 1.4463
====> Epoch 71 : Average loss: 1.4467
====> Epoch 72 : Average loss: 1.4457
====> Epoch 73 : Average loss: 1.4452
====> Epoch 74 : Average loss: 1.4476
====> Epoch 75 : Average loss: 1.4470
====> Epoch 76 : Average loss: 1.4444
====> Epoch 77 : Average loss: 1.4457
====> Epoch 78 : Average loss: 1.4462
====> Epoch 79 : Average loss: 1.4456
====> Epoch 80 : Average loss: 1.4451
====> Epoch 81 : Average loss: 1.4476
====> Epoch 82 : Average loss: 1.4456
====> Epoch 83 : Average loss: 1.4449
====> Epoch 84 : Average loss: 1.4454
====> Epoch 85 : Average loss: 1.4453
====> Epoch 86 : Average loss: 1.4451
====> Epoch 87 : Average loss: 1.4450
====> Epoch 88 : Average loss: 1.4444
====> Epoch 89 : Average loss: 1.4464
====> Epoch 90 : Average loss: 1.4439
====> Epoch 91 : Average loss: 1.4470
====> Epoch 92 : Average loss: 1.4478
====> Epoch 93 : Average loss: 1.4445
====> Epoch 94 : Average loss: 1.4434
====> Epoch 95 : Average loss: 1.4462
====> Epoch 96 : Average loss: 1.4441
====> Epoch 97 : Average loss: 1.4452
====> Epoch 98 : Average loss: 1.4455
====> Epoch 99 : Average loss: 1.4451
